<?xml version="1.0" encoding="UTF-8"?>
<!-- Generated by org.testng.reporters.JUnitReportReporter -->
<testsuite hostname="DESKTOP-HI1RMUJ" failures="0" tests="1" name="Hybrid_Framework_Demo.SubmitOrder.SubmitOrder" time="21.020" errors="0" timestamp="2025-06-18T01:33:18 IST" skipped="0">
  <testcase classname="Hybrid_Framework_Demo.SubmitOrder.SubmitOrder" name="Order" time="21.020"/>
</testsuite> <!-- Hybrid_Framework_Demo.SubmitOrder.SubmitOrder -->
